<?xml version="1.0" encoding="UTF-8"?>
<!-- Generated by org.testng.reporters.JUnitXMLReporter -->
<testsuite hostname="DESKTOP-INQUNRP" ignored="0" name="Test1" tests="5" failures="1" timestamp="2020-06-10T20:22:48 EDT" time="23.384" errors="0">
  <testcase name="assertEqual" time="0.034" classname="com.ReportWithBaseTest.AssertionTest"/>
  <testcase name="assertNotEqual" time="0.008" classname="com.ReportWithBaseTest.AssertionTest"/>
  <testcase name="assertTrue" time="0.002" classname="com.ReportWithBaseTest.AssertionTest"/>
  <testcase name="assertFalse" time="0.002" classname="com.ReportWithBaseTest.AssertionTest">
    <failure type="java.lang.AssertionError" message="did not expect to find [false] but found [true]">
      <![CDATA[java.lang.AssertionError: did not expect to find [false] but found [true]
at com.ReportWithBaseTest.AssertionTest.assertFalse(AssertionTest.java:54)
at java.util.ArrayList.forEach(Unknown Source)
... Removed 31 stack frames]]>
    </failure>
  </testcase> <!-- assertFalse -->
  <testcase name="skipTest" time="0.0" classname="com.ReportWithBaseTest.AssertionTest">
    <skipped/>
  </testcase> <!-- skipTest -->
</testsuite> <!-- Test1 -->
