<?xml version="1.0" encoding="UTF-8"?>
<!-- Generated by org.testng.reporters.JUnitXMLReporter -->
<testsuite hostname="DESKTOP-INQUNRP" ignored="0" name="Test3" tests="1" failures="1" timestamp="2020-06-10T19:53:36 EDT" time="27.186" errors="0">
  <testcase name="Opentest" time="0.017" classname="com.ReportWithBaseTest.FaceBookTitle">
    <failure type="java.lang.AssertionError" message="expected [facebook] but found [Facebook - Log In or Sign Up]">
      <![CDATA[java.lang.AssertionError: expected [facebook] but found [Facebook - Log In or Sign Up]
at com.ReportWithBaseTest.FaceBookTitle.Opentest(FaceBookTitle.java:34)
at java.util.ArrayList.forEach(Unknown Source)
... Removed 32 stack frames]]>
    </failure>
  </testcase> <!-- Opentest -->
</testsuite> <!-- Test3 -->
