<?xml version="1.0" encoding="UTF-8"?>
<!-- Generated by org.testng.reporters.JUnitReportReporter -->
<testsuite skipped="4" hostname="DESKTOP-INQUNRP" name="com.ReportListener.Test1" tests="5" failures="0" timestamp="2020-05-22T10:47:05 EDT" time="3.460" errors="1">
  <testcase name="openApplication" time="3.460" classname="com.ReportListener.Test1">
    <error type="org.openqa.selenium.SessionNotCreatedException" message="session not created: This version of ChromeDriver only supports Chrome version 81
Build info: version: &#039;3.141.59&#039;, revision: &#039;e82be7d358&#039;, time: &#039;2018-11-14T08:17:03&#039;
System info: host: &#039;DESKTOP-INQUNRP&#039;, ip: &#039;192.168.181.1&#039;, os.name: &#039;Windows 10&#039;, os.arch: &#039;amd64&#039;, os.version: &#039;10.0&#039;, java.version: &#039;1.8.0_171&#039;
Driver info: driver.version: ChromeDriver
remote stacktrace: Backtrace:
	Ordinal0 [0x00D35E93+2449043]
	Ordinal0 [0x00C68281+1606273]
	Ordinal0 [0x00B5F889+522377]
	Ordinal0 [0x00AF05F3+67059]
	Ordinal0 [0x00AECD92+52626]
	Ordinal0 [0x00B0C127+180519]
	Ordinal0 [0x00B0BF2D+180013]
	Ordinal0 [0x00B09E5B+171611]
	Ordinal0 [0x00AF1DD8+73176]
	Ordinal0 [0x00AF2E50+77392]
	Ordinal0 [0x00AF2DE9+77289]
	Ordinal0 [0x00C7D7F7+1693687]
	GetHandleVerifier [0x00DD4576+522742]
	GetHandleVerifier [0x00DD42B4+522036]
	GetHandleVerifier [0x00DE9587+608775]
	GetHandleVerifier [0x00DD4DE6+524902]
	Ordinal0 [0x00C75BDC+1661916]
	Ordinal0 [0x00C7F15B+1700187]
	Ordinal0 [0x00C7F2C3+1700547]
	Ordinal0 [0x00C95135+1790261]
	BaseThreadInitThunk [0x75A86359+25]
	RtlGetAppContainerNamedObjectPath [0x76FD7C24+228]
	RtlGetAppContainerNamedObjectPath [0x76FD7BF4+180]
">
      <![CDATA[org.openqa.selenium.SessionNotCreatedException: session not created: This version of ChromeDriver only supports Chrome version 81
Build info: version: '3.141.59', revision: 'e82be7d358', time: '2018-11-14T08:17:03'
System info: host: 'DESKTOP-INQUNRP', ip: '192.168.181.1', os.name: 'Windows 10', os.arch: 'amd64', os.version: '10.0', java.version: '1.8.0_171'
Driver info: driver.version: ChromeDriver
remote stacktrace: Backtrace:
Ordinal0 [0x00D35E93+2449043]
Ordinal0 [0x00C68281+1606273]
Ordinal0 [0x00B5F889+522377]
Ordinal0 [0x00AF05F3+67059]
Ordinal0 [0x00AECD92+52626]
Ordinal0 [0x00B0C127+180519]
Ordinal0 [0x00B0BF2D+180013]
Ordinal0 [0x00B09E5B+171611]
Ordinal0 [0x00AF1DD8+73176]
Ordinal0 [0x00AF2E50+77392]
Ordinal0 [0x00AF2DE9+77289]
Ordinal0 [0x00C7D7F7+1693687]
GetHandleVerifier [0x00DD4576+522742]
GetHandleVerifier [0x00DD42B4+522036]
GetHandleVerifier [0x00DE9587+608775]
GetHandleVerifier [0x00DD4DE6+524902]
Ordinal0 [0x00C75BDC+1661916]
Ordinal0 [0x00C7F15B+1700187]
Ordinal0 [0x00C7F2C3+1700547]
Ordinal0 [0x00C95135+1790261]
BaseThreadInitThunk [0x75A86359+25]
RtlGetAppContainerNamedObjectPath [0x76FD7C24+228]
RtlGetAppContainerNamedObjectPath [0x76FD7BF4+180]

at sun.reflect.NativeConstructorAccessorImpl.newInstance0(Native Method)
at sun.reflect.NativeConstructorAccessorImpl.newInstance(Unknown Source)
at sun.reflect.DelegatingConstructorAccessorImpl.newInstance(Unknown Source)
at java.lang.reflect.Constructor.newInstance(Unknown Source)
at org.openqa.selenium.remote.W3CHandshakeResponse.lambda$errorHandler$0(W3CHandshakeResponse.java:62)
at org.openqa.selenium.remote.HandshakeResponse.lambda$getResponseFunction$0(HandshakeResponse.java:30)
at org.openqa.selenium.remote.ProtocolHandshake.lambda$createSession$0(ProtocolHandshake.java:126)
at java.util.stream.ReferencePipeline$3$1.accept(Unknown Source)
at java.util.Spliterators$ArraySpliterator.tryAdvance(Unknown Source)
at java.util.stream.ReferencePipeline.forEachWithCancel(Unknown Source)
at java.util.stream.AbstractPipeline.copyIntoWithCancel(Unknown Source)
at java.util.stream.AbstractPipeline.copyInto(Unknown Source)
at java.util.stream.AbstractPipeline.wrapAndCopyInto(Unknown Source)
at java.util.stream.FindOps$FindOp.evaluateSequential(Unknown Source)
at java.util.stream.AbstractPipeline.evaluate(Unknown Source)
at java.util.stream.ReferencePipeline.findFirst(Unknown Source)
at org.openqa.selenium.remote.ProtocolHandshake.createSession(ProtocolHandshake.java:128)
at org.openqa.selenium.remote.ProtocolHandshake.createSession(ProtocolHandshake.java:74)
at org.openqa.selenium.remote.HttpCommandExecutor.execute(HttpCommandExecutor.java:136)
at org.openqa.selenium.remote.service.DriverCommandExecutor.execute(DriverCommandExecutor.java:83)
at org.openqa.selenium.remote.RemoteWebDriver.execute(RemoteWebDriver.java:552)
at org.openqa.selenium.remote.RemoteWebDriver.startSession(RemoteWebDriver.java:213)
at org.openqa.selenium.remote.RemoteWebDriver.<init>(RemoteWebDriver.java:131)
at org.openqa.selenium.chrome.ChromeDriver.<init>(ChromeDriver.java:181)
at org.openqa.selenium.chrome.ChromeDriver.<init>(ChromeDriver.java:168)
at org.openqa.selenium.chrome.ChromeDriver.<init>(ChromeDriver.java:123)
at com.ReportListener.Test1.openApplication(Test1.java:23)
at sun.reflect.NativeMethodAccessorImpl.invoke0(Native Method)
at sun.reflect.NativeMethodAccessorImpl.invoke(Unknown Source)
at sun.reflect.DelegatingMethodAccessorImpl.invoke(Unknown Source)
at java.lang.reflect.Method.invoke(Unknown Source)
at org.testng.internal.MethodInvocationHelper.invokeMethod(MethodInvocationHelper.java:133)
at org.testng.internal.MethodInvocationHelper.invokeMethodConsideringTimeout(MethodInvocationHelper.java:62)
at org.testng.internal.ConfigInvoker.invokeConfigurationMethod(ConfigInvoker.java:340)
at org.testng.internal.ConfigInvoker.invokeConfigurations(ConfigInvoker.java:294)
at org.testng.internal.TestInvoker.runConfigMethods(TestInvoker.java:683)
at org.testng.internal.TestInvoker.invokeMethod(TestInvoker.java:510)
at org.testng.internal.TestInvoker.invokeTestMethod(TestInvoker.java:172)
at org.testng.internal.MethodRunner.runInSequence(MethodRunner.java:46)
at org.testng.internal.TestInvoker$MethodInvocationAgent.invoke(TestInvoker.java:804)
at org.testng.internal.TestInvoker.invokeTestMethods(TestInvoker.java:145)
at org.testng.internal.TestMethodWorker.invokeTestMethods(TestMethodWorker.java:146)
at org.testng.internal.TestMethodWorker.run(TestMethodWorker.java:128)
at java.util.ArrayList.forEach(Unknown Source)
at org.testng.TestRunner.privateRun(TestRunner.java:770)
at org.testng.TestRunner.run(TestRunner.java:591)
at org.testng.SuiteRunner.runTest(SuiteRunner.java:402)
at org.testng.SuiteRunner.runSequentially(SuiteRunner.java:396)
at org.testng.SuiteRunner.privateRun(SuiteRunner.java:355)
at org.testng.SuiteRunner.run(SuiteRunner.java:304)
at org.testng.SuiteRunnerWorker.runSuite(SuiteRunnerWorker.java:53)
at org.testng.SuiteRunnerWorker.run(SuiteRunnerWorker.java:96)
at org.testng.TestNG.runSuitesSequentially(TestNG.java:1180)
at org.testng.TestNG.runSuitesLocally(TestNG.java:1102)
at org.testng.TestNG.runSuites(TestNG.java:1032)
at org.testng.TestNG.run(TestNG.java:1000)
at org.testng.remote.AbstractRemoteTestNG.run(AbstractRemoteTestNG.java:115)
at org.testng.remote.RemoteTestNG.initAndRun(RemoteTestNG.java:251)
at org.testng.remote.RemoteTestNG.main(RemoteTestNG.java:77)
]]>
    </error>
  </testcase> <!-- openApplication -->
  <testcase name="urlTest" time="0.000" classname="com.ReportListener.Test1">
    <skipped/>
  </testcase> <!-- urlTest -->
  <testcase name="titleTest" time="0.000" classname="com.ReportListener.Test1">
    <skipped/>
  </testcase> <!-- titleTest -->
  <testcase name="linkTest" time="0.000" classname="com.ReportListener.Test1">
    <skipped/>
  </testcase> <!-- linkTest -->
  <testcase name="skipTest" time="0.000" classname="com.ReportListener.Test1">
    <skipped/>
  </testcase> <!-- skipTest -->
</testsuite> <!-- com.ReportListener.Test1 -->
